<?xml version="1.0" encoding="UTF-8"?>
<!-- Generated by org.testng.reporters.JUnitReportReporter -->
<testsuite hostname="DESKTOP-8CR6PU0" failures="0" tests="1" name="tests.TestCase3_GetAllUsers" time="1.889" errors="0" timestamp="2023-01-12T21:32:11 PKT" skipped="0">
  <testcase classname="tests.TestCase3_GetAllUsers" name="testUntitled" time="1.889"/>
  <system-out/>
</testsuite> <!-- tests.TestCase3_GetAllUsers -->
