<?xml version="1.0" encoding="UTF-8"?>
<!-- Generated by org.testng.reporters.JUnitReportReporter -->
<testsuite hostname="DESKTOP-8CR6PU0" failures="0" tests="1" name="tests.TestCase5_SchemaValidaton_SingleUser" time="1.935" errors="0" timestamp="2023-02-02T15:51:30 PKT" skipped="0">
  <testcase classname="tests.TestCase5_SchemaValidaton_SingleUser" name="schemaValidation" time="1.935"/>
  <system-out/>
</testsuite> <!-- tests.TestCase5_SchemaValidaton_SingleUser -->
