<?xml version="1.0" encoding="UTF-8"?>
<!-- Generated by org.testng.reporters.JUnitReportReporter -->
<testsuite hostname="DESKTOP-8CR6PU0" failures="0" tests="1" name="tests.TestCase2_PostUser" time="2.684" errors="0" timestamp="2023-01-12T21:25:52 PKT" skipped="0">
  <testcase classname="tests.TestCase2_PostUser" name="testUntitled" time="2.684"/>
  <system-out/>
</testsuite> <!-- tests.TestCase2_PostUser -->
