<?xml version="1.0" encoding="UTF-8"?>
<!-- Generated by org.testng.reporters.JUnitReportReporter -->
<testsuite hostname="DESKTOP-8CR6PU0" failures="0" tests="1" name="tests.TestCase4_GetSingleUser" time="2.226" errors="0" timestamp="2023-01-12T22:02:41 PKT" skipped="0">
  <testcase classname="tests.TestCase4_GetSingleUser" name="testUntitled" time="2.226"/>
  <system-out/>
</testsuite> <!-- tests.TestCase4_GetSingleUser -->
