<?xml version="1.0" encoding="UTF-8"?>
<!-- Generated by org.testng.reporters.JUnitReportReporter -->
<testsuite hostname="DESKTOP-8CR6PU0" failures="0" tests="1" name="tests.TestCase1" time="0.060" errors="0" timestamp="2023-01-12T14:07:35 PKT" skipped="0">
  <testcase classname="tests.TestCase1" name="testUntitled" time="0.060"/>
  <system-out/>
</testsuite> <!-- tests.TestCase1 -->
